==========================================
SLURM_JOB_ID = 15561128
SLURM_SUBMIT_DIR = /project/caai_amzn_cmpr/efithian/Adaptive-Net
SLURM_JOB_NODELIST = mgpu04
==========================================
Meta-Train Datasets: 80
Skipping openml_1476 (already exists)
Skipping openml_40982 (already exists)
Skipping openml_41027 (already exists)
Skipping openml_1217 (already exists)
Skipping openml_1468 (already exists)
Skipping openml_44 (already exists)
Skipping openml_1466 (already exists)
Skipping openml_1489 (already exists)
Skipping openml_1492 (already exists)
Skipping openml_1462 (already exists)
Skipping openml_1053 (already exists)
Fetching OpenML dataset ID=1486...
Running openml_1486: 118 features, 2 classes
WARNING: min action_epoch (6) < max(temporal_windows) (32). Temporal statistics may be computed with partial buffer data for early splits.
Stratified action epochs: [6, 10, 14, 18, 22]
Total model initializations: 15 (1 regimes × 5 slices × 3 inits/slice)
