==========================================
SLURM_JOB_ID = 15564349
SLURM_SUBMIT_DIR = /project/caai_amzn_cmpr/efithian/Adaptive-Net
SLURM_JOB_NODELIST = mgpu04
==========================================
Loading Policy Model...
Meta-Test Datasets: 35
Fetching OpenML dataset ID=151...
Evaluating openml_151...
Fetching OpenML dataset ID=3...
Evaluating openml_3...
Fetching OpenML dataset ID=40983...
Evaluating openml_40983...
Fetching OpenML dataset ID=40691...
Evaluating openml_40691...
Fetching OpenML dataset ID=1241...
Evaluating openml_1241...
Fetching OpenML dataset ID=40981...
Evaluating openml_40981...
Fetching OpenML dataset ID=1236...
Evaluating openml_1236...
Fetching OpenML dataset ID=40923...
Evaluating openml_40923...
Fetching OpenML dataset ID=1515...
Evaluating openml_1515...
Fetching OpenML dataset ID=458...
Evaluating openml_458...
Fetching OpenML dataset ID=1485...
Evaluating openml_1485...
Fetching OpenML dataset ID=40668...
Evaluating openml_40668...
Fetching OpenML dataset ID=1493...
Evaluating openml_1493...
Fetching OpenML dataset ID=1467...
Evaluating openml_1467...
Fetching OpenML dataset ID=1050...
Evaluating openml_1050...
Fetching OpenML dataset ID=554...
Evaluating openml_554...
Fetching OpenML dataset ID=40701...
Evaluating openml_40701...
Fetching OpenML dataset ID=40994...
Evaluating openml_40994...
Fetching OpenML dataset ID=14...
Evaluating openml_14...
Fetching OpenML dataset ID=1237...
Evaluating openml_1237...
Fetching OpenML dataset ID=1491...
Evaluating openml_1491...
Fetching OpenML dataset ID=29...
Evaluating openml_29...
Fetching OpenML dataset ID=1479...
Evaluating openml_1479...
Fetching OpenML dataset ID=40978...
Evaluating openml_40978...
Fetching OpenML dataset ID=4135...
Evaluating openml_4135...
Fetching OpenML dataset ID=32...
Evaluating openml_32...
Fetching OpenML dataset ID=40984...
Evaluating openml_40984...
Fetching OpenML dataset ID=46...
Evaluating openml_46...
Fetching OpenML dataset ID=1049...
Evaluating openml_1049...
Fetching OpenML dataset ID=1063...
Evaluating openml_1063...
Fetching OpenML dataset ID=1112...
Evaluating openml_1112...
Fetching OpenML dataset ID=40517...
Evaluating openml_40517...
Fetching OpenML dataset ID=12...
Evaluating openml_12...
Fetching OpenML dataset ID=37...
Evaluating openml_37...
Fetching OpenML dataset ID=1504...
Evaluating openml_1504...
Evaluation Complete.

Summary Statistics (Mean % Improvement over Baseline):
variation  random_imp_pct  greedy_imp_pct  anti-greedy_imp_pct
count           33.000000       33.000000            33.000000
mean             6.112920        6.532229             5.749856
std             17.227952       16.581310            16.688919
min            -18.427859      -21.967133           -20.603388
25%             -0.261110       -0.524891            -0.508081
50%              1.057979        1.497452             1.184238
75%              8.189733        7.817968             5.009166
max             60.123843       53.947606            52.717880

Win Rates (Variation < Baseline):
random: 60.0%
greedy: 57.1%
anti-greedy: 54.3%

Paired T-Tests (vs Baseline):
random: t=-0.317, p=7.5349e-01
greedy: t=-0.033, p=9.7356e-01
anti-greedy: t=-0.448, p=6.5727e-01
Saved analysis to experiments/x3_openml/output
