==========================================
SLURM_JOB_ID = 15596258
SLURM_SUBMIT_DIR = /project/caai_amzn_cmpr/efithian/Adaptive-Net
SLURM_JOB_NODELIST = mgpu03
==========================================
Meta-Train Datasets: 80
Split Methods: ['half_noise', 'orthogonal']

============================================================
Running data collection for split method: half_noise
============================================================
Skipping openml_1476 (already exists)
Skipping openml_40982 (already exists)
Skipping openml_41027 (already exists)
Skipping openml_1217 (already exists)
Skipping openml_1468 (already exists)
Skipping openml_44 (already exists)
Skipping openml_1466 (already exists)
Skipping openml_1489 (already exists)
Skipping openml_1492 (already exists)
Skipping openml_1462 (already exists)
Skipping openml_1053 (already exists)
Skipping openml_1486 (already exists)
Skipping openml_23 (already exists)
Skipping openml_40509 (already exists)
Skipping openml_1146 (already exists)
Skipping openml_40496 (already exists)
Skipping openml_4134 (already exists)
Skipping openml_40498 (already exists)
Skipping openml_469 (already exists)
Skipping openml_1116 (already exists)
Skipping openml_6 (already exists)
Skipping openml_1067 (already exists)
Skipping openml_182 (already exists)
Skipping openml_18 (already exists)
Skipping openml_1111 (already exists)
Skipping openml_1457 (already exists)
Skipping openml_1501 (already exists)
Skipping openml_22 (already exists)
Skipping openml_1235 (already exists)
Skipping openml_1478 (already exists)
Skipping openml_1233 (already exists)
Skipping openml_40515 (already exists)
Skipping openml_1119 (already exists)
Skipping openml_1218 (already exists)
Skipping openml_1130 (already exists)
Skipping openml_1487 (already exists)
Skipping openml_188 (already exists)
Skipping openml_1590 (already exists)
Skipping openml_28 (already exists)
Skipping openml_1497 (already exists)
Fetching OpenML dataset ID=40927...
Failed to fetch dataset 40927: md5 checksum of local file for https://openml.org/data/v1/download/16797613/CIFAR_10.arff does not match description: expected: 556e01684912de400da7557c57155b97 but got b09893503b6319a709d713c244475133. Downloaded file could have been modified / corrupted, clean cache and retry...
Skipping openml_40979 (already exists)
Skipping openml_307 (already exists)
Skipping openml_16 (already exists)
Fetching OpenML dataset ID=1168...
Failed to fetch dataset 1168: Target column 'SMPEP2' has 2 missing values. Missing values are not supported for target columns.
Skipping openml_1464 (already exists)
Skipping openml_1461 (already exists)
Skipping openml_40996 (already exists)
Skipping openml_1134 (already exists)
Skipping openml_11 (already exists)
Skipping openml_40670 (already exists)
Skipping openml_23381 (already exists)
Skipping openml_1480 (already exists)
Skipping openml_1114 (already exists)
Skipping openml_300 (already exists)
Skipping openml_1238 (already exists)
Skipping openml_1240 (already exists)
Skipping openml_1120 (already exists)
Skipping openml_1128 (already exists)
Skipping openml_40966 (already exists)
Skipping openml_50 (already exists)
Fetching OpenML dataset ID=40511...
Failed to fetch dataset 40511: Dataset with data_id 40511 not found.
Skipping openml_1475 (already exists)
Skipping openml_40499 (already exists)
Skipping openml_42 (already exists)
Skipping openml_1242 (already exists)
Skipping openml_15 (already exists)
Skipping openml_1068 (already exists)
Skipping openml_1139 (already exists)
Skipping openml_1142 (already exists)
Skipping openml_31 (already exists)
Skipping openml_1216 (already exists)
Skipping openml_40536 (already exists)
Skipping openml_40975 (already exists)
Skipping openml_1494 (already exists)
Skipping openml_40518 (already exists)
Skipping openml_54 (already exists)
Skipping openml_1510 (already exists)
Skipping openml_1138 (already exists)
Skipping openml_40685 (already exists)

============================================================
Running data collection for split method: orthogonal
============================================================
Skipping openml_1476 (already exists)
Skipping openml_40982 (already exists)
Skipping openml_41027 (already exists)
Skipping openml_1217 (already exists)
Skipping openml_1468 (already exists)
Skipping openml_44 (already exists)
Skipping openml_1466 (already exists)
Skipping openml_1489 (already exists)
Skipping openml_1492 (already exists)
Skipping openml_1462 (already exists)
Skipping openml_1053 (already exists)
Skipping openml_1486 (already exists)
Skipping openml_23 (already exists)
Skipping openml_40509 (already exists)
Skipping openml_1146 (already exists)
Skipping openml_40496 (already exists)
Skipping openml_4134 (already exists)
Skipping openml_40498 (already exists)
Skipping openml_469 (already exists)
Skipping openml_1116 (already exists)
Skipping openml_6 (already exists)
Skipping openml_1067 (already exists)
Skipping openml_182 (already exists)
Skipping openml_18 (already exists)
Skipping openml_1111 (already exists)
Skipping openml_1457 (already exists)
Skipping openml_1501 (already exists)
Skipping openml_22 (already exists)
Fetching OpenML dataset ID=1235...
Running openml_1235: 9 features, 2 classes
WARNING: min action_epoch (6) < max(temporal_windows) (32). Temporal statistics may be computed with partial buffer data for early splits.
Stratified action epochs: [6, 10, 14, 18, 22]
Total model initializations: 15 (1 regimes × 5 slices × 3 inits/slice)
Fetching OpenML dataset ID=1478...
Running openml_1478: 561 features, 6 classes
WARNING: min action_epoch (6) < max(temporal_windows) (32). Temporal statistics may be computed with partial buffer data for early splits.
Stratified action epochs: [6, 10, 14, 18, 22]
Total model initializations: 15 (1 regimes × 5 slices × 3 inits/slice)
Fetching OpenML dataset ID=1233...
Running openml_1233: 6373 features, 7 classes
WARNING: min action_epoch (6) < max(temporal_windows) (32). Temporal statistics may be computed with partial buffer data for early splits.
Stratified action epochs: [6, 10, 14, 18, 22]
Total model initializations: 15 (1 regimes × 5 slices × 3 inits/slice)
Fetching OpenML dataset ID=40515...
Running openml_40515: 57 features, 2 classes
WARNING: min action_epoch (6) < max(temporal_windows) (32). Temporal statistics may be computed with partial buffer data for early splits.
Stratified action epochs: [6, 10, 14, 18, 22]
Total model initializations: 15 (1 regimes × 5 slices × 3 inits/slice)
Fetching OpenML dataset ID=1119...
Running openml_1119: 14 features, 2 classes
WARNING: min action_epoch (6) < max(temporal_windows) (32). Temporal statistics may be computed with partial buffer data for early splits.
Stratified action epochs: [6, 10, 14, 18, 22]
Total model initializations: 15 (1 regimes × 5 slices × 3 inits/slice)
Fetching OpenML dataset ID=1218...
Running openml_1218: 11 features, 2 classes
WARNING: min action_epoch (6) < max(temporal_windows) (32). Temporal statistics may be computed with partial buffer data for early splits.
Stratified action epochs: [6, 10, 14, 18, 22]
Total model initializations: 15 (1 regimes × 5 slices × 3 inits/slice)
Fetching OpenML dataset ID=1130...
Running openml_1130: 10935 features, 2 classes
WARNING: min action_epoch (6) < max(temporal_windows) (32). Temporal statistics may be computed with partial buffer data for early splits.
Stratified action epochs: [6, 10, 14, 18, 22]
Total model initializations: 15 (1 regimes × 5 slices × 3 inits/slice)
Fetching OpenML dataset ID=1487...
Running openml_1487: 72 features, 2 classes
WARNING: min action_epoch (6) < max(temporal_windows) (32). Temporal statistics may be computed with partial buffer data for early splits.
Stratified action epochs: [6, 10, 14, 18, 22]
Total model initializations: 15 (1 regimes × 5 slices × 3 inits/slice)
Fetching OpenML dataset ID=188...
Running openml_188: 19 features, 5 classes
WARNING: min action_epoch (6) < max(temporal_windows) (32). Temporal statistics may be computed with partial buffer data for early splits.
Stratified action epochs: [6, 10, 14, 18, 22]
Total model initializations: 15 (1 regimes × 5 slices × 3 inits/slice)
Fetching OpenML dataset ID=1590...
Running openml_1590: 14 features, 2 classes
WARNING: min action_epoch (6) < max(temporal_windows) (32). Temporal statistics may be computed with partial buffer data for early splits.
Stratified action epochs: [6, 10, 14, 18, 22]
Total model initializations: 15 (1 regimes × 5 slices × 3 inits/slice)
Fetching OpenML dataset ID=28...
Running openml_28: 64 features, 10 classes
WARNING: min action_epoch (6) < max(temporal_windows) (32). Temporal statistics may be computed with partial buffer data for early splits.
Stratified action epochs: [6, 10, 14, 18, 22]
Total model initializations: 15 (1 regimes × 5 slices × 3 inits/slice)
Fetching OpenML dataset ID=1497...
Running openml_1497: 24 features, 4 classes
WARNING: min action_epoch (6) < max(temporal_windows) (32). Temporal statistics may be computed with partial buffer data for early splits.
Stratified action epochs: [6, 10, 14, 18, 22]
Total model initializations: 15 (1 regimes × 5 slices × 3 inits/slice)
Fetching OpenML dataset ID=40927...
Failed to fetch dataset 40927: md5 checksum of local file for https://openml.org/data/v1/download/16797613/CIFAR_10.arff does not match description: expected: 556e01684912de400da7557c57155b97 but got b09893503b6319a709d713c244475133. Downloaded file could have been modified / corrupted, clean cache and retry...
Fetching OpenML dataset ID=40979...
Running openml_40979: 240 features, 10 classes
WARNING: min action_epoch (6) < max(temporal_windows) (32). Temporal statistics may be computed with partial buffer data for early splits.
Stratified action epochs: [6, 10, 14, 18, 22]
Total model initializations: 15 (1 regimes × 5 slices × 3 inits/slice)
Fetching OpenML dataset ID=307...
Running openml_307: 12 features, 11 classes
WARNING: min action_epoch (6) < max(temporal_windows) (32). Temporal statistics may be computed with partial buffer data for early splits.
Stratified action epochs: [6, 10, 14, 18, 22]
Total model initializations: 15 (1 regimes × 5 slices × 3 inits/slice)
Fetching OpenML dataset ID=16...
Running openml_16: 64 features, 10 classes
WARNING: min action_epoch (6) < max(temporal_windows) (32). Temporal statistics may be computed with partial buffer data for early splits.
Stratified action epochs: [6, 10, 14, 18, 22]
Total model initializations: 15 (1 regimes × 5 slices × 3 inits/slice)
Fetching OpenML dataset ID=1168...
Failed to fetch dataset 1168: Target column 'SMPEP2' has 2 missing values. Missing values are not supported for target columns.
Fetching OpenML dataset ID=1464...
Running openml_1464: 4 features, 2 classes
WARNING: min action_epoch (6) < max(temporal_windows) (32). Temporal statistics may be computed with partial buffer data for early splits.
Stratified action epochs: [6, 10, 14, 18, 22]
Total model initializations: 15 (1 regimes × 5 slices × 3 inits/slice)
Fetching OpenML dataset ID=1461...
Running openml_1461: 16 features, 2 classes
WARNING: min action_epoch (6) < max(temporal_windows) (32). Temporal statistics may be computed with partial buffer data for early splits.
Stratified action epochs: [6, 10, 14, 18, 22]
Total model initializations: 15 (1 regimes × 5 slices × 3 inits/slice)
Fetching OpenML dataset ID=40996...
Running openml_40996: 784 features, 10 classes
WARNING: min action_epoch (6) < max(temporal_windows) (32). Temporal statistics may be computed with partial buffer data for early splits.
Stratified action epochs: [6, 10, 14, 18, 22]
Total model initializations: 15 (1 regimes × 5 slices × 3 inits/slice)
Fetching OpenML dataset ID=1134...
Running openml_1134: 10935 features, 2 classes
WARNING: min action_epoch (6) < max(temporal_windows) (32). Temporal statistics may be computed with partial buffer data for early splits.
Stratified action epochs: [6, 10, 14, 18, 22]
Total model initializations: 15 (1 regimes × 5 slices × 3 inits/slice)
Fetching OpenML dataset ID=11...
Running openml_11: 4 features, 3 classes
WARNING: min action_epoch (6) < max(temporal_windows) (32). Temporal statistics may be computed with partial buffer data for early splits.
Stratified action epochs: [6, 10, 14, 18, 22]
Total model initializations: 15 (1 regimes × 5 slices × 3 inits/slice)
Fetching OpenML dataset ID=40670...
Running openml_40670: 180 features, 3 classes
WARNING: min action_epoch (6) < max(temporal_windows) (32). Temporal statistics may be computed with partial buffer data for early splits.
Stratified action epochs: [6, 10, 14, 18, 22]
Total model initializations: 15 (1 regimes × 5 slices × 3 inits/slice)
Fetching OpenML dataset ID=23381...
Running openml_23381: 12 features, 2 classes
WARNING: min action_epoch (6) < max(temporal_windows) (32). Temporal statistics may be computed with partial buffer data for early splits.
Stratified action epochs: [6, 10, 14, 18, 22]
Total model initializations: 15 (1 regimes × 5 slices × 3 inits/slice)
Fetching OpenML dataset ID=1480...
Running openml_1480: 10 features, 2 classes
WARNING: min action_epoch (6) < max(temporal_windows) (32). Temporal statistics may be computed with partial buffer data for early splits.
Stratified action epochs: [6, 10, 14, 18, 22]
Total model initializations: 15 (1 regimes × 5 slices × 3 inits/slice)
Fetching OpenML dataset ID=1114...
Running openml_1114: 212 features, 2 classes
WARNING: min action_epoch (6) < max(temporal_windows) (32). Temporal statistics may be computed with partial buffer data for early splits.
Stratified action epochs: [6, 10, 14, 18, 22]
Total model initializations: 15 (1 regimes × 5 slices × 3 inits/slice)
Fetching OpenML dataset ID=300...
Running openml_300: 617 features, 26 classes
WARNING: min action_epoch (6) < max(temporal_windows) (32). Temporal statistics may be computed with partial buffer data for early splits.
Stratified action epochs: [6, 10, 14, 18, 22]
Total model initializations: 15 (1 regimes × 5 slices × 3 inits/slice)
Fetching OpenML dataset ID=1238...
Running openml_1238: 3 features, 2 classes
WARNING: min action_epoch (6) < max(temporal_windows) (32). Temporal statistics may be computed with partial buffer data for early splits.
Stratified action epochs: [6, 10, 14, 18, 22]
Total model initializations: 15 (1 regimes × 5 slices × 3 inits/slice)
Fetching OpenML dataset ID=1240...
Running openml_1240: 29 features, 2 classes
WARNING: min action_epoch (6) < max(temporal_windows) (32). Temporal statistics may be computed with partial buffer data for early splits.
Stratified action epochs: [6, 10, 14, 18, 22]
Total model initializations: 15 (1 regimes × 5 slices × 3 inits/slice)
Fetching OpenML dataset ID=1120...
Running openml_1120: 10 features, 2 classes
WARNING: min action_epoch (6) < max(temporal_windows) (32). Temporal statistics may be computed with partial buffer data for early splits.
Stratified action epochs: [6, 10, 14, 18, 22]
Total model initializations: 15 (1 regimes × 5 slices × 3 inits/slice)
Fetching OpenML dataset ID=1128...
Running openml_1128: 10935 features, 2 classes
WARNING: min action_epoch (6) < max(temporal_windows) (32). Temporal statistics may be computed with partial buffer data for early splits.
Stratified action epochs: [6, 10, 14, 18, 22]
Total model initializations: 15 (1 regimes × 5 slices × 3 inits/slice)
Fetching OpenML dataset ID=40966...
Running openml_40966: 77 features, 8 classes
WARNING: min action_epoch (6) < max(temporal_windows) (32). Temporal statistics may be computed with partial buffer data for early splits.
Stratified action epochs: [6, 10, 14, 18, 22]
Total model initializations: 15 (1 regimes × 5 slices × 3 inits/slice)
Fetching OpenML dataset ID=50...
Running openml_50: 9 features, 2 classes
WARNING: min action_epoch (6) < max(temporal_windows) (32). Temporal statistics may be computed with partial buffer data for early splits.
Stratified action epochs: [6, 10, 14, 18, 22]
Total model initializations: 15 (1 regimes × 5 slices × 3 inits/slice)
Fetching OpenML dataset ID=40511...
Failed to fetch dataset 40511: Dataset with data_id 40511 not found.
Fetching OpenML dataset ID=1475...
Running openml_1475: 51 features, 6 classes
WARNING: min action_epoch (6) < max(temporal_windows) (32). Temporal statistics may be computed with partial buffer data for early splits.
Stratified action epochs: [6, 10, 14, 18, 22]
Total model initializations: 15 (1 regimes × 5 slices × 3 inits/slice)
Fetching OpenML dataset ID=40499...
Running openml_40499: 40 features, 11 classes
WARNING: min action_epoch (6) < max(temporal_windows) (32). Temporal statistics may be computed with partial buffer data for early splits.
Stratified action epochs: [6, 10, 14, 18, 22]
Total model initializations: 15 (1 regimes × 5 slices × 3 inits/slice)
Fetching OpenML dataset ID=42...
Running openml_42: 35 features, 19 classes
WARNING: min action_epoch (6) < max(temporal_windows) (32). Temporal statistics may be computed with partial buffer data for early splits.
Stratified action epochs: [6, 10, 14, 18, 22]
Total model initializations: 15 (1 regimes × 5 slices × 3 inits/slice)
Fetching OpenML dataset ID=1242...
Running openml_1242: 100 features, 2 classes
WARNING: min action_epoch (6) < max(temporal_windows) (32). Temporal statistics may be computed with partial buffer data for early splits.
Stratified action epochs: [6, 10, 14, 18, 22]
Total model initializations: 15 (1 regimes × 5 slices × 3 inits/slice)
Fetching OpenML dataset ID=15...
Running openml_15: 9 features, 2 classes
WARNING: min action_epoch (6) < max(temporal_windows) (32). Temporal statistics may be computed with partial buffer data for early splits.
Stratified action epochs: [6, 10, 14, 18, 22]
Total model initializations: 15 (1 regimes × 5 slices × 3 inits/slice)
Fetching OpenML dataset ID=1068...
Running openml_1068: 21 features, 2 classes
WARNING: min action_epoch (6) < max(temporal_windows) (32). Temporal statistics may be computed with partial buffer data for early splits.
Stratified action epochs: [6, 10, 14, 18, 22]
Total model initializations: 15 (1 regimes × 5 slices × 3 inits/slice)
Fetching OpenML dataset ID=1139...
Running openml_1139: 10935 features, 2 classes
WARNING: min action_epoch (6) < max(temporal_windows) (32). Temporal statistics may be computed with partial buffer data for early splits.
Stratified action epochs: [6, 10, 14, 18, 22]
Total model initializations: 15 (1 regimes × 5 slices × 3 inits/slice)
Fetching OpenML dataset ID=1142...
Running openml_1142: 10935 features, 2 classes
WARNING: min action_epoch (6) < max(temporal_windows) (32). Temporal statistics may be computed with partial buffer data for early splits.
Stratified action epochs: [6, 10, 14, 18, 22]
Total model initializations: 15 (1 regimes × 5 slices × 3 inits/slice)
Fetching OpenML dataset ID=31...
Running openml_31: 20 features, 2 classes
WARNING: min action_epoch (6) < max(temporal_windows) (32). Temporal statistics may be computed with partial buffer data for early splits.
Stratified action epochs: [6, 10, 14, 18, 22]
Total model initializations: 15 (1 regimes × 5 slices × 3 inits/slice)
Fetching OpenML dataset ID=1216...
Running openml_1216: 9 features, 2 classes
WARNING: min action_epoch (6) < max(temporal_windows) (32). Temporal statistics may be computed with partial buffer data for early splits.
Stratified action epochs: [6, 10, 14, 18, 22]
Total model initializations: 15 (1 regimes × 5 slices × 3 inits/slice)
Fetching OpenML dataset ID=40536...
Running openml_40536: 120 features, 2 classes
WARNING: min action_epoch (6) < max(temporal_windows) (32). Temporal statistics may be computed with partial buffer data for early splits.
Stratified action epochs: [6, 10, 14, 18, 22]
Total model initializations: 15 (1 regimes × 5 slices × 3 inits/slice)
Fetching OpenML dataset ID=40975...
Running openml_40975: 6 features, 4 classes
WARNING: min action_epoch (6) < max(temporal_windows) (32). Temporal statistics may be computed with partial buffer data for early splits.
Stratified action epochs: [6, 10, 14, 18, 22]
Total model initializations: 15 (1 regimes × 5 slices × 3 inits/slice)
Fetching OpenML dataset ID=1494...
Running openml_1494: 41 features, 2 classes
WARNING: min action_epoch (6) < max(temporal_windows) (32). Temporal statistics may be computed with partial buffer data for early splits.
Stratified action epochs: [6, 10, 14, 18, 22]
Total model initializations: 15 (1 regimes × 5 slices × 3 inits/slice)
Fetching OpenML dataset ID=40518...
Running openml_40518: 34 features, 2 classes
WARNING: min action_epoch (6) < max(temporal_windows) (32). Temporal statistics may be computed with partial buffer data for early splits.
Stratified action epochs: [6, 10, 14, 18, 22]
Total model initializations: 15 (1 regimes × 5 slices × 3 inits/slice)
Fetching OpenML dataset ID=54...
Running openml_54: 18 features, 4 classes
WARNING: min action_epoch (6) < max(temporal_windows) (32). Temporal statistics may be computed with partial buffer data for early splits.
Stratified action epochs: [6, 10, 14, 18, 22]
Total model initializations: 15 (1 regimes × 5 slices × 3 inits/slice)
Fetching OpenML dataset ID=1510...
Running openml_1510: 30 features, 2 classes
WARNING: min action_epoch (6) < max(temporal_windows) (32). Temporal statistics may be computed with partial buffer data for early splits.
Stratified action epochs: [6, 10, 14, 18, 22]
Total model initializations: 15 (1 regimes × 5 slices × 3 inits/slice)
Fetching OpenML dataset ID=1138...
Running openml_1138: 10935 features, 2 classes
WARNING: min action_epoch (6) < max(temporal_windows) (32). Temporal statistics may be computed with partial buffer data for early splits.
Stratified action epochs: [6, 10, 14, 18, 22]
Total model initializations: 15 (1 regimes × 5 slices × 3 inits/slice)
Fetching OpenML dataset ID=40685...
Running openml_40685: 9 features, 7 classes
WARNING: min action_epoch (6) < max(temporal_windows) (32). Temporal statistics may be computed with partial buffer data for early splits.
Stratified action epochs: [6, 10, 14, 18, 22]
Total model initializations: 15 (1 regimes × 5 slices × 3 inits/slice)

Data collection complete for all split methods.
Training separate policies for split methods: ['half_noise', 'orthogonal']

============================================================
Training policy for split method: half_noise
============================================================
Loading meta-training data...
Total samples: 5775
Positive class (Improvement) rate: 0.680
Training on 2353 features.
Fitting model...
Test Accuracy: 0.8374
Test AUC: 0.8932
              precision    recall  f1-score   support

           0       0.76      0.76      0.76       196
           1       0.88      0.88      0.88       382

    accuracy                           0.84       578
   macro avg       0.82      0.82      0.82       578
weighted avg       0.84      0.84      0.84       578

Model saved to experiments/x3_openml/output_local/policy_model_half_noise.joblib

============================================================
Training policy for split method: orthogonal
============================================================
Loading meta-training data...
Total samples: 5775
Positive class (Improvement) rate: 0.681
Training on 2353 features.
Fitting model...
Test Accuracy: 0.8080
Test AUC: 0.8726
              precision    recall  f1-score   support

           0       0.68      0.75      0.71       182
           1       0.88      0.84      0.86       396

    accuracy                           0.81       578
   macro avg       0.78      0.79      0.78       578
weighted avg       0.81      0.81      0.81       578

Model saved to experiments/x3_openml/output_local/policy_model_orthogonal.joblib

Policy training complete for all split methods.
Meta-Test Datasets: 35
Split Methods: ['half_noise', 'orthogonal']

=== Running evaluation with split method: half_noise ===
Loading Policy Model: experiments/x3_openml/output_local/policy_model_half_noise.joblib
Fetching OpenML dataset ID=151...
Evaluating openml_151...
Fetching OpenML dataset ID=3...
Evaluating openml_3...
Fetching OpenML dataset ID=40983...
Evaluating openml_40983...
Fetching OpenML dataset ID=40691...
Evaluating openml_40691...
Fetching OpenML dataset ID=1241...
Evaluating openml_1241...
Fetching OpenML dataset ID=40981...
Evaluating openml_40981...
Fetching OpenML dataset ID=1236...
Evaluating openml_1236...
Fetching OpenML dataset ID=40923...
Evaluating openml_40923...
Fetching OpenML dataset ID=1515...
Evaluating openml_1515...
Fetching OpenML dataset ID=458...
Evaluating openml_458...
Fetching OpenML dataset ID=1485...
Evaluating openml_1485...
Fetching OpenML dataset ID=40668...
Evaluating openml_40668...
Fetching OpenML dataset ID=1493...
Evaluating openml_1493...
Fetching OpenML dataset ID=1467...
Evaluating openml_1467...
Fetching OpenML dataset ID=1050...
Evaluating openml_1050...
Fetching OpenML dataset ID=554...
Evaluating openml_554...
Fetching OpenML dataset ID=40701...
Evaluating openml_40701...
Fetching OpenML dataset ID=40994...
Evaluating openml_40994...
Fetching OpenML dataset ID=14...
Evaluating openml_14...
Fetching OpenML dataset ID=1237...
Evaluating openml_1237...
Fetching OpenML dataset ID=1491...
Evaluating openml_1491...
Fetching OpenML dataset ID=29...
Evaluating openml_29...
Fetching OpenML dataset ID=1479...
Evaluating openml_1479...
Fetching OpenML dataset ID=40978...
Evaluating openml_40978...
Fetching OpenML dataset ID=4135...
Evaluating openml_4135...
Fetching OpenML dataset ID=32...
Evaluating openml_32...
Fetching OpenML dataset ID=40984...
Evaluating openml_40984...
Fetching OpenML dataset ID=46...
Evaluating openml_46...
Fetching OpenML dataset ID=1049...
Evaluating openml_1049...
Fetching OpenML dataset ID=1063...
Evaluating openml_1063...
Fetching OpenML dataset ID=1112...
Evaluating openml_1112...
Fetching OpenML dataset ID=40517...
Evaluating openml_40517...
Fetching OpenML dataset ID=12...
Evaluating openml_12...
Fetching OpenML dataset ID=37...
Evaluating openml_37...
Fetching OpenML dataset ID=1504...
Evaluating openml_1504...

=== Running evaluation with split method: orthogonal ===
Loading Policy Model: experiments/x3_openml/output_local/policy_model_orthogonal.joblib
Fetching OpenML dataset ID=151...
Evaluating openml_151...
Fetching OpenML dataset ID=3...
Evaluating openml_3...
Fetching OpenML dataset ID=40983...
Evaluating openml_40983...
Fetching OpenML dataset ID=40691...
Evaluating openml_40691...
Fetching OpenML dataset ID=1241...
Evaluating openml_1241...
Fetching OpenML dataset ID=40981...
Evaluating openml_40981...
Fetching OpenML dataset ID=1236...
Evaluating openml_1236...
Fetching OpenML dataset ID=40923...
Evaluating openml_40923...
Fetching OpenML dataset ID=1515...
Evaluating openml_1515...
Fetching OpenML dataset ID=458...
Evaluating openml_458...
Fetching OpenML dataset ID=1485...
Evaluating openml_1485...
Fetching OpenML dataset ID=40668...
Evaluating openml_40668...
